2019-10-07 18:58:32.105  INFO 8208 --- [restartedMain] c.e.demo.G6OnlineBackendApplication      : Starting G6OnlineBackendApplication on tcweil.student.iastate.edu with PID 8208 (/Users/taylorweil/Desktop/tc_1_/Backend/G6_Online_backend/target/classes started by taylorweil in /Users/taylorweil/Desktop/tc_1_/Backend/G6_Online_backend)
2019-10-07 18:58:32.105  INFO 8208 --- [restartedMain] c.e.demo.G6OnlineBackendApplication      : No active profile set, falling back to default profiles: default
2019-10-07 18:58:32.107  INFO 8208 --- [restartedMain] ConfigServletWebServerApplicationContext : Refreshing org.springframework.boot.web.servlet.context.AnnotationConfigServletWebServerApplicationContext@744556f0: startup date [Mon Oct 07 18:58:32 CDT 2019]; root of context hierarchy
2019-10-07 18:58:32.463  INFO 8208 --- [restartedMain] trationDelegate$BeanPostProcessorChecker : Bean 'org.springframework.transaction.annotation.ProxyTransactionManagementConfiguration' of type [org.springframework.transaction.annotation.ProxyTransactionManagementConfiguration$$EnhancerBySpringCGLIB$$e82bcc9f] is not eligible for getting processed by all BeanPostProcessors (for example: not eligible for auto-proxying)
2019-10-07 18:58:32.529  INFO 8208 --- [restartedMain] o.s.b.w.embedded.tomcat.TomcatWebServer  : Tomcat initialized with port(s): 8080 (http)
2019-10-07 18:58:32.530  INFO 8208 --- [restartedMain] o.apache.catalina.core.StandardService   : Starting service [Tomcat]
2019-10-07 18:58:32.530  INFO 8208 --- [restartedMain] org.apache.catalina.core.StandardEngine  : Starting Servlet Engine: Apache Tomcat/8.5.34
2019-10-07 18:58:32.536  INFO 8208 --- [localhost-startStop-1] o.a.c.c.C.[Tomcat].[localhost].[/]       : Initializing Spring embedded WebApplicationContext
2019-10-07 18:58:32.536  INFO 8208 --- [localhost-startStop-1] o.s.web.context.ContextLoader            : Root WebApplicationContext: initialization completed in 429 ms
2019-10-07 18:58:32.686  INFO 8208 --- [localhost-startStop-1] o.s.b.w.servlet.FilterRegistrationBean   : Mapping filter: 'characterEncodingFilter' to: [/*]
2019-10-07 18:58:32.698  INFO 8208 --- [localhost-startStop-1] o.s.b.w.servlet.FilterRegistrationBean   : Mapping filter: 'webMvcMetricsFilter' to: [/*]
2019-10-07 18:58:32.698  INFO 8208 --- [localhost-startStop-1] o.s.b.w.servlet.FilterRegistrationBean   : Mapping filter: 'hiddenHttpMethodFilter' to: [/*]
2019-10-07 18:58:32.698  INFO 8208 --- [localhost-startStop-1] o.s.b.w.servlet.FilterRegistrationBean   : Mapping filter: 'httpPutFormContentFilter' to: [/*]
2019-10-07 18:58:32.698  INFO 8208 --- [localhost-startStop-1] o.s.b.w.servlet.FilterRegistrationBean   : Mapping filter: 'requestContextFilter' to: [/*]
2019-10-07 18:58:32.698  INFO 8208 --- [localhost-startStop-1] o.s.b.w.servlet.FilterRegistrationBean   : Mapping filter: 'httpTraceFilter' to: [/*]
2019-10-07 18:58:32.698  INFO 8208 --- [localhost-startStop-1] o.s.b.w.servlet.ServletRegistrationBean  : Servlet dispatcherServlet mapped to [/]
2019-10-07 18:58:32.726  INFO 8208 --- [restartedMain] com.zaxxer.hikari.HikariDataSource       : HikariPool-16 - Starting...
2019-10-07 18:58:32.750  INFO 8208 --- [restartedMain] com.zaxxer.hikari.HikariDataSource       : HikariPool-16 - Start completed.
2019-10-07 18:58:32.755  INFO 8208 --- [restartedMain] j.LocalContainerEntityManagerFactoryBean : Building JPA container EntityManagerFactory for persistence unit 'default'
2019-10-07 18:58:32.755  INFO 8208 --- [restartedMain] o.hibernate.jpa.internal.util.LogHelper  : HHH000204: Processing PersistenceUnitInfo [
	name: default
	...]
2019-10-07 18:58:32.760  INFO 8208 --- [restartedMain] org.hibernate.dialect.Dialect            : HHH000400: Using dialect: org.hibernate.dialect.MySQL5Dialect
2019-10-07 18:58:32.829  INFO 8208 --- [restartedMain] j.LocalContainerEntityManagerFactoryBean : Initialized JPA EntityManagerFactory for persistence unit 'default'
2019-10-07 18:58:32.919  INFO 8208 --- [restartedMain] o.s.w.s.handler.SimpleUrlHandlerMapping  : Mapped URL path [/**/favicon.ico] onto handler of type [class org.springframework.web.servlet.resource.ResourceHttpRequestHandler]
2019-10-07 18:58:33.018  INFO 8208 --- [restartedMain] s.w.s.m.m.a.RequestMappingHandlerAdapter : Looking for @ControllerAdvice: org.springframework.boot.web.servlet.context.AnnotationConfigServletWebServerApplicationContext@744556f0: startup date [Mon Oct 07 18:58:32 CDT 2019]; root of context hierarchy
2019-10-07 18:58:33.026  WARN 8208 --- [restartedMain] aWebConfiguration$JpaWebMvcConfiguration : spring.jpa.open-in-view is enabled by default. Therefore, database queries may be performed during view rendering. Explicitly configure spring.jpa.open-in-view to disable this warning
2019-10-07 18:58:33.032  INFO 8208 --- [restartedMain] s.w.s.m.m.a.RequestMappingHandlerMapping : Mapped "{[/getLobbyByID],methods=[GET]}" onto public java.lang.String com.example.demo.lobby.lobbyController.getXbyID(java.lang.Integer)
2019-10-07 18:58:33.032  INFO 8208 --- [restartedMain] s.w.s.m.m.a.RequestMappingHandlerMapping : Mapped "{[/getLobbies],methods=[GET]}" onto public java.util.List<com.example.demo.lobby.lobby> com.example.demo.lobby.lobbyController.getlobbys()
2019-10-07 18:58:33.032  INFO 8208 --- [restartedMain] s.w.s.m.m.a.RequestMappingHandlerMapping : Mapped "{[/updatePlayer],methods=[POST]}" onto public java.lang.String com.example.demo.lobby.lobbyController.updatePos(java.lang.Integer,java.lang.Integer,java.lang.Integer)
2019-10-07 18:58:33.033  INFO 8208 --- [restartedMain] s.w.s.m.m.a.RequestMappingHandlerMapping : Mapped "{[/cleanLobbies],methods=[PUT]}" onto public java.lang.String com.example.demo.lobby.lobbyController.cleanLobbies()
2019-10-07 18:58:33.033  INFO 8208 --- [restartedMain] s.w.s.m.m.a.RequestMappingHandlerMapping : Mapped "{[/newLobby],methods=[PUT]}" onto public java.lang.String com.example.demo.lobby.lobbyController.saveLobby()
2019-10-07 18:58:33.033  INFO 8208 --- [restartedMain] s.w.s.m.m.a.RequestMappingHandlerMapping : Mapped "{[/newlobby],methods=[POST]}" onto public java.lang.String com.example.demo.lobby.lobbyController.saveLobby(java.lang.Integer)
2019-10-07 18:58:33.033  INFO 8208 --- [restartedMain] s.w.s.m.m.a.RequestMappingHandlerMapping : Mapped "{[/getPosByID],methods=[GET]}" onto public java.lang.String com.example.demo.player.playerController.getXbyID(java.lang.Integer)
2019-10-07 18:58:33.033  INFO 8208 --- [restartedMain] s.w.s.m.m.a.RequestMappingHandlerMapping : Mapped "{[/updatePos],methods=[POST]}" onto public java.lang.String com.example.demo.player.playerController.updatePos(java.lang.Integer,java.lang.Integer,java.lang.Integer)
2019-10-07 18:58:33.034  INFO 8208 --- [restartedMain] s.w.s.m.m.a.RequestMappingHandlerMapping : Mapped "{[/getPlayers],methods=[GET]}" onto public java.util.List<com.example.demo.player.player> com.example.demo.player.playerController.getPlayers()
2019-10-07 18:58:33.034  INFO 8208 --- [restartedMain] s.w.s.m.m.a.RequestMappingHandlerMapping : Mapped "{[/newPlayer],methods=[POST]}" onto public java.lang.String com.example.demo.player.playerController.savePlayer(java.lang.Integer,java.lang.Integer)
2019-10-07 18:58:33.034  INFO 8208 --- [restartedMain] s.w.s.m.m.a.RequestMappingHandlerMapping : Mapped "{[/getScores],methods=[GET]}" onto public java.util.List<com.example.demo.score.score> com.example.demo.score.scoreController.getScores()
2019-10-07 18:58:33.034  INFO 8208 --- [restartedMain] s.w.s.m.m.a.RequestMappingHandlerMapping : Mapped "{[/newScore],methods=[POST]}" onto public java.lang.String com.example.demo.score.scoreController.saveScore(java.lang.Integer,java.lang.Integer,java.lang.String)
2019-10-07 18:58:33.036  INFO 8208 --- [restartedMain] s.w.s.m.m.a.RequestMappingHandlerMapping : Mapped "{[/deleteUser],methods=[DELETE]}" onto public java.lang.String com.example.demo.userInfo.userInfoController.delete(int)
2019-10-07 18:58:33.036  INFO 8208 --- [restartedMain] s.w.s.m.m.a.RequestMappingHandlerMapping : Mapped "{[/getUsers],methods=[GET]}" onto public java.util.List<com.example.demo.userInfo.userInfo> com.example.demo.userInfo.userInfoController.getUsers()
2019-10-07 18:58:33.037  INFO 8208 --- [restartedMain] s.w.s.m.m.a.RequestMappingHandlerMapping : Mapped "{[/newUser],methods=[POST]}" onto public java.lang.String com.example.demo.userInfo.userInfoController.saveUser(java.lang.String,java.lang.String)
2019-10-07 18:58:33.038  INFO 8208 --- [restartedMain] s.w.s.m.m.a.RequestMappingHandlerMapping : Mapped "{[/error]}" onto public org.springframework.http.ResponseEntity<java.util.Map<java.lang.String, java.lang.Object>> org.springframework.boot.autoconfigure.web.servlet.error.BasicErrorController.error(javax.servlet.http.HttpServletRequest)
2019-10-07 18:58:33.039  INFO 8208 --- [restartedMain] s.w.s.m.m.a.RequestMappingHandlerMapping : Mapped "{[/error],produces=[text/html]}" onto public org.springframework.web.servlet.ModelAndView org.springframework.boot.autoconfigure.web.servlet.error.BasicErrorController.errorHtml(javax.servlet.http.HttpServletRequest,javax.servlet.http.HttpServletResponse)
2019-10-07 18:58:33.052  INFO 8208 --- [restartedMain] o.s.w.s.handler.SimpleUrlHandlerMapping  : Mapped URL path [/webjars/**] onto handler of type [class org.springframework.web.servlet.resource.ResourceHttpRequestHandler]
2019-10-07 18:58:33.052  INFO 8208 --- [restartedMain] o.s.w.s.handler.SimpleUrlHandlerMapping  : Mapped URL path [/**] onto handler of type [class org.springframework.web.servlet.resource.ResourceHttpRequestHandler]
2019-10-07 18:58:33.168  INFO 8208 --- [restartedMain] o.s.b.d.a.OptionalLiveReloadServer       : LiveReload server is running on port 35729
2019-10-07 18:58:33.173  INFO 8208 --- [restartedMain] o.s.b.a.e.web.EndpointLinksResolver      : Exposing 2 endpoint(s) beneath base path '/actuator'
2019-10-07 18:58:33.175  INFO 8208 --- [restartedMain] s.b.a.e.w.s.WebMvcEndpointHandlerMapping : Mapped "{[/actuator/health],methods=[GET],produces=[application/vnd.spring-boot.actuator.v2+json || application/json]}" onto public java.lang.Object org.springframework.boot.actuate.endpoint.web.servlet.AbstractWebMvcEndpointHandlerMapping$OperationHandler.handle(javax.servlet.http.HttpServletRequest,java.util.Map<java.lang.String, java.lang.String>)
2019-10-07 18:58:33.175  INFO 8208 --- [restartedMain] s.b.a.e.w.s.WebMvcEndpointHandlerMapping : Mapped "{[/actuator/info],methods=[GET],produces=[application/vnd.spring-boot.actuator.v2+json || application/json]}" onto public java.lang.Object org.springframework.boot.actuate.endpoint.web.servlet.AbstractWebMvcEndpointHandlerMapping$OperationHandler.handle(javax.servlet.http.HttpServletRequest,java.util.Map<java.lang.String, java.lang.String>)
2019-10-07 18:58:33.175  INFO 8208 --- [restartedMain] s.b.a.e.w.s.WebMvcEndpointHandlerMapping : Mapped "{[/actuator],methods=[GET],produces=[application/vnd.spring-boot.actuator.v2+json || application/json]}" onto protected java.util.Map<java.lang.String, java.util.Map<java.lang.String, org.springframework.boot.actuate.endpoint.web.Link>> org.springframework.boot.actuate.endpoint.web.servlet.WebMvcEndpointHandlerMapping.links(javax.servlet.http.HttpServletRequest,javax.servlet.http.HttpServletResponse)
2019-10-07 18:58:33.200  INFO 8208 --- [restartedMain] o.s.j.e.a.AnnotationMBeanExporter        : Registering beans for JMX exposure on startup
2019-10-07 18:58:33.201  INFO 8208 --- [restartedMain] o.s.j.e.a.AnnotationMBeanExporter        : Bean with name 'dataSource' has been autodetected for JMX exposure
2019-10-07 18:58:33.206  INFO 8208 --- [restartedMain] o.s.j.e.a.AnnotationMBeanExporter        : Located MBean 'dataSource': registering with JMX server as MBean [com.zaxxer.hikari:name=dataSource,type=HikariDataSource]
2019-10-07 18:58:33.216  INFO 8208 --- [restartedMain] o.s.b.w.embedded.tomcat.TomcatWebServer  : Tomcat started on port(s): 8080 (http) with context path ''
2019-10-07 18:58:33.217  INFO 8208 --- [restartedMain] c.e.demo.G6OnlineBackendApplication      : Started G6OnlineBackendApplication in 1.13 seconds (JVM running for 1515.175)
2019-10-07 18:58:33.220  INFO 8208 --- [restartedMain] .ConditionEvaluationDeltaLoggingListener : Condition evaluation unchanged
2019-10-07 22:24:59.008  WARN 8208 --- [HikariPool-16 housekeeper] com.zaxxer.hikari.pool.HikariPool        : HikariPool-16 - Thread starvation or clock leap detected (housekeeper delta=3h20m26s100ms).
2019-10-07 22:30:23.501  INFO 8208 --- [Thread-124] ConfigServletWebServerApplicationContext : Closing org.springframework.boot.web.servlet.context.AnnotationConfigServletWebServerApplicationContext@744556f0: startup date [Mon Oct 07 18:58:32 CDT 2019]; root of context hierarchy
2019-10-07 22:30:23.514  INFO 8208 --- [Thread-124] o.s.j.e.a.AnnotationMBeanExporter        : Unregistering JMX-exposed beans on shutdown
2019-10-07 22:30:23.514  INFO 8208 --- [Thread-124] o.s.j.e.a.AnnotationMBeanExporter        : Unregistering JMX-exposed beans
2019-10-07 22:30:23.516  INFO 8208 --- [Thread-124] j.LocalContainerEntityManagerFactoryBean : Closing JPA EntityManagerFactory for persistence unit 'default'
2019-10-07 22:30:23.520  INFO 8208 --- [Thread-124] com.zaxxer.hikari.HikariDataSource       : HikariPool-16 - Shutdown initiated...
2019-10-07 22:30:23.558  INFO 8208 --- [Thread-124] com.zaxxer.hikari.HikariDataSource       : HikariPool-16 - Shutdown completed.
2019-10-07 22:30:25.218  INFO 8208 --- [restartedMain] c.e.demo.G6OnlineBackendApplication      : Starting G6OnlineBackendApplication on MacBook-Pro-of-Taylor.local with PID 8208 (/Users/taylorweil/Desktop/tc_1_/Backend/G6_Online_backend/target/classes started by taylorweil in /Users/taylorweil/Desktop/tc_1_/Backend/G6_Online_backend)
2019-10-07 22:30:25.218  INFO 8208 --- [restartedMain] c.e.demo.G6OnlineBackendApplication      : No active profile set, falling back to default profiles: default
2019-10-07 22:30:25.221  INFO 8208 --- [restartedMain] ConfigServletWebServerApplicationContext : Refreshing org.springframework.boot.web.servlet.context.AnnotationConfigServletWebServerApplicationContext@571a9934: startup date [Mon Oct 07 22:30:25 CDT 2019]; root of context hierarchy
2019-10-07 22:30:26.540  INFO 8208 --- [restartedMain] trationDelegate$BeanPostProcessorChecker : Bean 'org.springframework.transaction.annotation.ProxyTransactionManagementConfiguration' of type [org.springframework.transaction.annotation.ProxyTransactionManagementConfiguration$$EnhancerBySpringCGLIB$$e82bcc9f] is not eligible for getting processed by all BeanPostProcessors (for example: not eligible for auto-proxying)
2019-10-07 22:30:26.792  INFO 8208 --- [restartedMain] o.s.b.w.embedded.tomcat.TomcatWebServer  : Tomcat initialized with port(s): 8080 (http)
2019-10-07 22:30:26.793  INFO 8208 --- [restartedMain] o.apache.catalina.core.StandardService   : Starting service [Tomcat]
2019-10-07 22:30:26.793  INFO 8208 --- [restartedMain] org.apache.catalina.core.StandardEngine  : Starting Servlet Engine: Apache Tomcat/8.5.34
2019-10-07 22:30:26.801  INFO 8208 --- [localhost-startStop-1] o.a.c.c.C.[Tomcat].[localhost].[/]       : Initializing Spring embedded WebApplicationContext
2019-10-07 22:30:26.802  INFO 8208 --- [localhost-startStop-1] o.s.web.context.ContextLoader            : Root WebApplicationContext: initialization completed in 1581 ms
2019-10-07 22:30:27.033  INFO 8208 --- [localhost-startStop-1] o.s.b.w.servlet.FilterRegistrationBean   : Mapping filter: 'characterEncodingFilter' to: [/*]
2019-10-07 22:30:27.033  INFO 8208 --- [localhost-startStop-1] o.s.b.w.servlet.FilterRegistrationBean   : Mapping filter: 'webMvcMetricsFilter' to: [/*]
2019-10-07 22:30:27.033  INFO 8208 --- [localhost-startStop-1] o.s.b.w.servlet.FilterRegistrationBean   : Mapping filter: 'hiddenHttpMethodFilter' to: [/*]
2019-10-07 22:30:27.033  INFO 8208 --- [localhost-startStop-1] o.s.b.w.servlet.FilterRegistrationBean   : Mapping filter: 'httpPutFormContentFilter' to: [/*]
2019-10-07 22:30:27.033  INFO 8208 --- [localhost-startStop-1] o.s.b.w.servlet.FilterRegistrationBean   : Mapping filter: 'requestContextFilter' to: [/*]
2019-10-07 22:30:27.033  INFO 8208 --- [localhost-startStop-1] o.s.b.w.servlet.FilterRegistrationBean   : Mapping filter: 'httpTraceFilter' to: [/*]
2019-10-07 22:30:27.033  INFO 8208 --- [localhost-startStop-1] o.s.b.w.servlet.ServletRegistrationBean  : Servlet dispatcherServlet mapped to [/]
2019-10-07 22:30:27.108  INFO 8208 --- [restartedMain] com.zaxxer.hikari.HikariDataSource       : HikariPool-17 - Starting...
